<?xml version="1.0" encoding="UTF-8"?>
<!-- Generated by org.testng.reporters.JUnitReportReporter -->
<testsuite skipped="0" hostname="FCPC" name="testcases.test_findError" tests="1" failures="0" timestamp="2020-01-26T12:47:55 CET" time="0.228" errors="0">
  <testcase name="test_Verify_unique_error_numbers" time="0.228" classname="testcases.test_findError"/>
  <system-out/>
</testsuite> <!-- testcases.test_findError -->
