<?xml version="1.0" encoding="UTF-8"?>
<!-- Generated by org.testng.reporters.JUnitReportReporter -->
<testsuite skipped="0" hostname="FCPC" name="testcases.test_findError" tests="1" failures="0" timestamp="2020-01-26T13:04:38 CET" time="0.271" errors="0">
  <testcase name="test_Verify_unique_error_numbers" time="0.271" classname="testcases.test_findError"/>
  <system-out>
The actual number of unique error log-lines is :  26  </system-out>
</testsuite> <!-- testcases.test_findError -->
