<?xml version="1.0" encoding="UTF-8"?>
<!-- Generated by org.testng.reporters.JUnitReportReporter -->
<testsuite skipped="0" hostname="FCPC" name="testcases.test_Leadcycle" tests="1" failures="0" timestamp="2020-01-26T13:04:38 CET" time="10.350" errors="0">
  <testcase name="test_create_user" time="10.350" classname="testcases.test_Leadcycle"/>
  <system-out>
User -->  TestDominika243 Korol is created in the system  </system-out>
</testsuite> <!-- testcases.test_Leadcycle -->
